#
# There is insufficient memory for the Java Runtime Environment to continue.
# Native memory allocation (malloc) failed to allocate 1048576 bytes for AllocateHeap
# Possible reasons:
#   The system is out of physical RAM or swap space
#   The process is running with CompressedOops enabled, and the Java Heap may be blocking the growth of the native heap
# Possible solutions:
#   Reduce memory load on the system
#   Increase physical memory or swap space
#   Check if swap backing store is full
#   Decrease Java heap size (-Xmx/-Xms)
#   Decrease number of Java threads
#   Decrease Java thread stack sizes (-Xss)
#   Set larger code cache with -XX:ReservedCodeCacheSize=
#   JVM is running with Unscaled Compressed Oops mode in which the Java heap is
#     placed in the first 4GB address space. The Java Heap base address is the
#     maximum limit for the native heap growth. Please use -XX:HeapBaseMinAddress
#     to set the Java Heap base and to place the Java Heap above 4GB virtual address.
# This output file may be truncated or incomplete.
#
#  Out of Memory Error (./open/src/hotspot/share/memory/allocation.cpp:44), pid=19196, tid=17520
#
# JRE version: OpenJDK Runtime Environment (14.0.2+12) (build 14.0.2+12-46)
# Java VM: OpenJDK 64-Bit Server VM (14.0.2+12-46, mixed mode, tiered, compressed oops, g1 gc, windows-amd64)
# No core dump will be written. Minidumps are not enabled by default on client versions of Windows
#

---------------  S U M M A R Y ------------

Command Line: -Dfile.encoding=Cp1252 -XX:+ShowCodeDetailsInExceptionMessages Ventana

Host: Intel(R) Core(TM) i7-7500U CPU @ 2.70GHz, 4 cores, 3G,  Windows 10 , 64 bit Build 19041 (10.0.19041.546)
Time: Sun Oct 25 16:23:47 2020 Argentina Standard Time elapsed time: 0 seconds (0d 0h 0m 0s)

---------------  T H R E A D  ---------------

Current thread (0x000001cae0ff0000):  VMThread "VM Thread" [stack: 0x000000c682b00000,0x000000c682c00000] [id=17520]

Stack: [0x000000c682b00000,0x000000c682c00000]
[error occurred during error reporting (printing stack bounds), id 0xc0000005, EXCEPTION_ACCESS_VIOLATION (0xc0000005) at pc=0x000001cacce210ad]

Native frames: (J=compiled Java code, j=interpreted, Vv=VM code, C=native code)
V  [jvm.dll+0x5f8a9a]
V  [jvm.dll+0x74247a]
V  [jvm.dll+0x743c2f]
V  [jvm.dll+0x7441d5]
V  [jvm.dll+0x74418b]
V  [jvm.dll+0x5f7f6f]
V  [jvm.dll+0x5f8738]
C  [ntdll.dll+0xa10ef]
C  [ntdll.dll+0x4b474]
C  [ntdll.dll+0x9fc1e]
C  0x000001cacce210ad

VM_Operation (0x000000c6825fbc00): CollectForMetadataAllocation, mode: safepoint, requested by thread 0x000001cac9148000


---------------  P R O C E S S  ---------------

Threads class SMR info:
_java_thread_list=0x000001cae12fada0, length=11, elements={
0x000001cac9148000, 0x000001cae1005800, 0x000001cae1006800, 0x000001cae104b800,
0x000001cae104c800, 0x000001cae1033800, 0x000001cae105e800, 0x000001cae1037000,
0x000001cae106c000, 0x000001cae12ea800, 0x000001cae12ed000
}

Java Threads: ( => current thread )
  0x000001cac9148000 JavaThread "main" [_thread_blocked, id=3936, stack(0x000000c682500000,0x000000c682600000)]
  0x000001cae1005800 JavaThread "Reference Handler" daemon [_thread_blocked, id=18632, stack(0x000000c682c00000,0x000000c682d00000)]
  0x000001cae1006800 JavaThread "Finalizer" daemon [_thread_blocked, id=17924, stack(0x000000c682d00000,0x000000c682e00000)]
  0x000001cae104b800 JavaThread "Signal Dispatcher" daemon [_thread_blocked, id=17624, stack(0x000000c682e00000,0x000000c682f00000)]
  0x000001cae104c800 JavaThread "Attach Listener" daemon [_thread_blocked, id=15368, stack(0x000000c682f00000,0x000000c683000000)]
  0x000001cae1033800 JavaThread "Service Thread" daemon [_thread_blocked, id=428, stack(0x000000c683000000,0x000000c683100000)]
  0x000001cae105e800 JavaThread "C2 CompilerThread0" daemon [_thread_blocked, id=16200, stack(0x000000c683100000,0x000000c683200000)]
  0x000001cae1037000 JavaThread "C1 CompilerThread0" daemon [_thread_blocked, id=19320, stack(0x000000c683200000,0x000000c683300000)]
  0x000001cae106c000 JavaThread "Sweeper thread" daemon [_thread_blocked, id=18072, stack(0x000000c683300000,0x000000c683400000)]
  0x000001cae12ea800 JavaThread "Notification Thread" daemon [_thread_blocked, id=8104, stack(0x000000c683400000,0x000000c683500000)]
  0x000001cae12ed000 JavaThread "Common-Cleaner" daemon [_thread_blocked, id=3068, stack(0x000000c683500000,0x000000c683600000)]

Other Threads:
=>0x000001cae0ff0000 VMThread "VM Thread" [stack: 0x000000c682b00000,0x000000c682c00000] [id=17520]
  0x000001cac9175800 GCTaskThread "GC Thread#0" [stack: 0x000000c682600000,0x000000c682700000] [id=12380]
  0x000001cae1347000 GCTaskThread "GC Thread#1" [stack: 0x000000c683600000,0x000000c683700000] [id=18984]
  0x000001cac9183800 ConcurrentGCThread "G1 Main Marker" [stack: 0x000000c682700000,0x000000c682800000] [id=9104]
  0x000001cac9186000 ConcurrentGCThread "G1 Conc#0" [stack: 0x000000c682800000,0x000000c682900000] [id=14692]
  0x000001cac91dd800 ConcurrentGCThread "G1 Refine#0" [stack: 0x000000c682900000,0x000000c682a00000] [id=9116]
  0x000001cac91de800 ConcurrentGCThread "G1 Young RemSet Sampling" [stack: 0x000000c682a00000,0x000000c682b00000] [id=7488]

Threads with active compile tasks:

VM state:at safepoint (normal execution)

VM Mutex/Monitor currently owned by a thread:  ([mutex/lock_event])
[0x000001cac9143f60] Threads_lock - owner thread: 0x000001cae0ff0000
[0x000001cac9144bc0] Heap_lock - owner thread: 0x000001cac9148000

Heap address: 0x00000000c1c00000, size: 996 MB, Compressed Oops mode: 32-bit
Narrow klass base: 0x0000000000000000, Narrow klass shift: 3
Compressed class space size: 1073741824 Address: 0x0000000100000000

Heap:
 garbage-first heap   total 65536K, used 612K [0x00000000c1c00000, 0x0000000100000000)
  region size 1024K, 1 young (1024K), 1 survivors (1024K)
 Metaspace       used 4969K, capacity 5006K, committed 5120K, reserved 1064960K
  class space    used 422K, capacity 458K, committed 512K, reserved 1048576K
Heap Regions: E=young(eden), S=young(survivor), O=old, HS=humongous(starts), HC=humongous(continues), CS=collection set, F=free, OA=open archive, CA=closed archive, TAMS=top-at-mark-start (previous, next)
|   0|0x00000000c1c00000, 0x00000000c1c00000, 0x00000000c1d00000|  0%| F|  |TAMS 0x00000000c1c00000, 0x00000000c1c00000| Untracked 
|   1|0x00000000c1d00000, 0x00000000c1d00000, 0x00000000c1e00000|  0%| F|  |TAMS 0x00000000c1d00000, 0x00000000c1d00000| Untracked 
|   2|0x00000000c1e00000, 0x00000000c1e00000, 0x00000000c1f00000|  0%| F|  |TAMS 0x00000000c1e00000, 0x00000000c1e00000| Untracked 
|   3|0x00000000c1f00000, 0x00000000c1f00000, 0x00000000c2000000|  0%| F|  |TAMS 0x00000000c1f00000, 0x00000000c1f00000| Untracked 
|   4|0x00000000c2000000, 0x00000000c2000000, 0x00000000c2100000|  0%| F|  |TAMS 0x00000000c2000000, 0x00000000c2000000| Untracked 
|   5|0x00000000c2100000, 0x00000000c2100000, 0x00000000c2200000|  0%| F|  |TAMS 0x00000000c2100000, 0x00000000c2100000| Untracked 
|   6|0x00000000c2200000, 0x00000000c2200000, 0x00000000c2300000|  0%| F|  |TAMS 0x00000000c2200000, 0x00000000c2200000| Untracked 
|   7|0x00000000c2300000, 0x00000000c2300000, 0x00000000c2400000|  0%| F|  |TAMS 0x00000000c2300000, 0x00000000c2300000| Untracked 
|   8|0x00000000c2400000, 0x00000000c2400000, 0x00000000c2500000|  0%| F|  |TAMS 0x00000000c2400000, 0x00000000c2400000| Untracked 
|   9|0x00000000c2500000, 0x00000000c2500000, 0x00000000c2600000|  0%| F|  |TAMS 0x00000000c2500000, 0x00000000c2500000| Untracked 
|  10|0x00000000c2600000, 0x00000000c2600000, 0x00000000c2700000|  0%| F|  |TAMS 0x00000000c2600000, 0x00000000c2600000| Untracked 
|  11|0x00000000c2700000, 0x00000000c2700000, 0x00000000c2800000|  0%| F|  |TAMS 0x00000000c2700000, 0x00000000c2700000| Untracked 
|  12|0x00000000c2800000, 0x00000000c2800000, 0x00000000c2900000|  0%| F|  |TAMS 0x00000000c2800000, 0x00000000c2800000| Untracked 
|  13|0x00000000c2900000, 0x00000000c2900000, 0x00000000c2a00000|  0%| F|  |TAMS 0x00000000c2900000, 0x00000000c2900000| Untracked 
|  14|0x00000000c2a00000, 0x00000000c2a00000, 0x00000000c2b00000|  0%| F|  |TAMS 0x00000000c2a00000, 0x00000000c2a00000| Untracked 
|  15|0x00000000c2b00000, 0x00000000c2b00000, 0x00000000c2c00000|  0%| F|  |TAMS 0x00000000c2b00000, 0x00000000c2b00000| Untracked 
|  16|0x00000000c2c00000, 0x00000000c2c00000, 0x00000000c2d00000|  0%| F|  |TAMS 0x00000000c2c00000, 0x00000000c2c00000| Untracked 
|  17|0x00000000c2d00000, 0x00000000c2d00000, 0x00000000c2e00000|  0%| F|  |TAMS 0x00000000c2d00000, 0x00000000c2d00000| Untracked 
|  18|0x00000000c2e00000, 0x00000000c2e00000, 0x00000000c2f00000|  0%| F|  |TAMS 0x00000000c2e00000, 0x00000000c2e00000| Untracked 
|  19|0x00000000c2f00000, 0x00000000c2f00000, 0x00000000c3000000|  0%| F|  |TAMS 0x00000000c2f00000, 0x00000000c2f00000| Untracked 
|  20|0x00000000c3000000, 0x00000000c3000000, 0x00000000c3100000|  0%| F|  |TAMS 0x00000000c3000000, 0x00000000c3000000| Untracked 
|  21|0x00000000c3100000, 0x00000000c3100000, 0x00000000c3200000|  0%| F|  |TAMS 0x00000000c3100000, 0x00000000c3100000| Untracked 
|  22|0x00000000c3200000, 0x00000000c3200000, 0x00000000c3300000|  0%| F|  |TAMS 0x00000000c3200000, 0x00000000c3200000| Untracked 
|  23|0x00000000c3300000, 0x00000000c3300000, 0x00000000c3400000|  0%| F|  |TAMS 0x00000000c3300000, 0x00000000c3300000| Untracked 
|  24|0x00000000c3400000, 0x00000000c3400000, 0x00000000c3500000|  0%| F|  |TAMS 0x00000000c3400000, 0x00000000c3400000| Untracked 
|  25|0x00000000c3500000, 0x00000000c3500000, 0x00000000c3600000|  0%| F|  |TAMS 0x00000000c3500000, 0x00000000c3500000| Untracked 
|  26|0x00000000c3600000, 0x00000000c3600000, 0x00000000c3700000|  0%| F|  |TAMS 0x00000000c3600000, 0x00000000c3600000| Untracked 
|  27|0x00000000c3700000, 0x00000000c3700000, 0x00000000c3800000|  0%| F|  |TAMS 0x00000000c3700000, 0x00000000c3700000| Untracked 
|  28|0x00000000c3800000, 0x00000000c3800000, 0x00000000c3900000|  0%| F|  |TAMS 0x00000000c3800000, 0x00000000c3800000| Untracked 
|  29|0x00000000c3900000, 0x00000000c3900000, 0x00000000c3a00000|  0%| F|  |TAMS 0x00000000c3900000, 0x00000000c3900000| Untracked 
|  30|0x00000000c3a00000, 0x00000000c3a00000, 0x00000000c3b00000|  0%| F|  |TAMS 0x00000000c3a00000, 0x00000000c3a00000| Untracked 
|  31|0x00000000c3b00000, 0x00000000c3b00000, 0x00000000c3c00000|  0%| F|  |TAMS 0x00000000c3b00000, 0x00000000c3b00000| Untracked 
|  32|0x00000000c3c00000, 0x00000000c3c00000, 0x00000000c3d00000|  0%| F|  |TAMS 0x00000000c3c00000, 0x00000000c3c00000| Untracked 
|  33|0x00000000c3d00000, 0x00000000c3d00000, 0x00000000c3e00000|  0%| F|  |TAMS 0x00000000c3d00000, 0x00000000c3d00000| Untracked 
|  34|0x00000000c3e00000, 0x00000000c3e00000, 0x00000000c3f00000|  0%| F|  |TAMS 0x00000000c3e00000, 0x00000000c3e00000| Untracked 
|  35|0x00000000c3f00000, 0x00000000c3f00000, 0x00000000c4000000|  0%| F|  |TAMS 0x00000000c3f00000, 0x00000000c3f00000| Untracked 
|  36|0x00000000c4000000, 0x00000000c4000000, 0x00000000c4100000|  0%| F|  |TAMS 0x00000000c4000000, 0x00000000c4000000| Untracked 
|  37|0x00000000c4100000, 0x00000000c4100000, 0x00000000c4200000|  0%| F|  |TAMS 0x00000000c4100000, 0x00000000c4100000| Untracked 
|  38|0x00000000c4200000, 0x00000000c4200000, 0x00000000c4300000|  0%| F|  |TAMS 0x00000000c4200000, 0x00000000c4200000| Untracked 
|  39|0x00000000c4300000, 0x00000000c4300000, 0x00000000c4400000|  0%| F|  |TAMS 0x00000000c4300000, 0x00000000c4300000| Untracked 
|  40|0x00000000c4400000, 0x00000000c4400000, 0x00000000c4500000|  0%| F|  |TAMS 0x00000000c4400000, 0x00000000c4400000| Untracked 
|  41|0x00000000c4500000, 0x00000000c4500000, 0x00000000c4600000|  0%| F|  |TAMS 0x00000000c4500000, 0x00000000c4500000| Untracked 
|  42|0x00000000c4600000, 0x00000000c4600000, 0x00000000c4700000|  0%| F|  |TAMS 0x00000000c4600000, 0x00000000c4600000| Untracked 
|  43|0x00000000c4700000, 0x00000000c4700000, 0x00000000c4800000|  0%| F|  |TAMS 0x00000000c4700000, 0x00000000c4700000| Untracked 
|  44|0x00000000c4800000, 0x00000000c4800000, 0x00000000c4900000|  0%| F|  |TAMS 0x00000000c4800000, 0x00000000c4800000| Untracked 
|  45|0x00000000c4900000, 0x00000000c4900000, 0x00000000c4a00000|  0%| F|  |TAMS 0x00000000c4900000, 0x00000000c4900000| Untracked 
|  46|0x00000000c4a00000, 0x00000000c4a00000, 0x00000000c4b00000|  0%| F|  |TAMS 0x00000000c4a00000, 0x00000000c4a00000| Untracked 
|  47|0x00000000c4b00000, 0x00000000c4b00000, 0x00000000c4c00000|  0%| F|  |TAMS 0x00000000c4b00000, 0x00000000c4b00000| Untracked 
|  48|0x00000000c4c00000, 0x00000000c4c00000, 0x00000000c4d00000|  0%| F|  |TAMS 0x00000000c4c00000, 0x00000000c4c00000| Untracked 
|  49|0x00000000c4d00000, 0x00000000c4d00000, 0x00000000c4e00000|  0%| F|  |TAMS 0x00000000c4d00000, 0x00000000c4d00000| Untracked 
|  50|0x00000000c4e00000, 0x00000000c4e00000, 0x00000000c4f00000|  0%| F|  |TAMS 0x00000000c4e00000, 0x00000000c4e00000| Untracked 
|  51|0x00000000c4f00000, 0x00000000c4f00000, 0x00000000c5000000|  0%| F|  |TAMS 0x00000000c4f00000, 0x00000000c4f00000| Untracked 
|  52|0x00000000c5000000, 0x00000000c5000000, 0x00000000c5100000|  0%| F|  |TAMS 0x00000000c5000000, 0x00000000c5000000| Untracked 
|  53|0x00000000c5100000, 0x00000000c5100000, 0x00000000c5200000|  0%| F|  |TAMS 0x00000000c5100000, 0x00000000c5100000| Untracked 
|  54|0x00000000c5200000, 0x00000000c5200000, 0x00000000c5300000|  0%| F|  |TAMS 0x00000000c5200000, 0x00000000c5200000| Untracked 
|  55|0x00000000c5300000, 0x00000000c5300000, 0x00000000c5400000|  0%| F|  |TAMS 0x00000000c5300000, 0x00000000c5300000| Untracked 
|  56|0x00000000c5400000, 0x00000000c5400000, 0x00000000c5500000|  0%| F|  |TAMS 0x00000000c5400000, 0x00000000c5400000| Untracked 
|  57|0x00000000c5500000, 0x00000000c5500000, 0x00000000c5600000|  0%| F|  |TAMS 0x00000000c5500000, 0x00000000c5500000| Untracked 
|  58|0x00000000c5600000, 0x00000000c5600000, 0x00000000c5700000|  0%| F|  |TAMS 0x00000000c5600000, 0x00000000c5600000| Untracked 
|  59|0x00000000c5700000, 0x00000000c5700000, 0x00000000c5800000|  0%| F|  |TAMS 0x00000000c5700000, 0x00000000c5700000| Untracked 
|  60|0x00000000c5800000, 0x00000000c5800000, 0x00000000c5900000|  0%| F|  |TAMS 0x00000000c5800000, 0x00000000c5800000| Untracked 
|  61|0x00000000c5900000, 0x00000000c5900000, 0x00000000c5a00000|  0%| F|  |TAMS 0x00000000c5900000, 0x00000000c5900000| Untracked 
|  62|0x00000000c5a00000, 0x00000000c5a99050, 0x00000000c5b00000| 59%| S|CS|TAMS 0x00000000c5a00000, 0x00000000c5a00000| Complete 
|  63|0x00000000c5b00000, 0x00000000c5b00000, 0x00000000c5c00000|  0%| F|  |TAMS 0x00000000c5b00000, 0x00000000c5b00000| Untracked 

Card table byte_map: [0x000001cadc020000,0x000001cadc220000] _byte_map_base: 0x000001cadba12000

Marking Bits (Prev, Next): (CMBitMap*) 0x000001cac9178718, (CMBitMap*) 0x000001cac9178758
 Prev Bits: [0x000001cadc420000, 0x000001cadd3b0000)
 Next Bits: [0x000001cadd3b0000, 0x000001cade340000)

Polling page: 0x000001cac8930000

Metaspace:

Usage:
  Non-class:      4.44 MB capacity,     4.44 MB (>99%) used,   952 bytes ( <1%) free+waste,   576 bytes ( <1%) overhead. 
      Class:    458.00 KB capacity,   422.82 KB ( 92%) used,    34.68 KB (  8%) free+waste,   512 bytes ( <1%) overhead. 
       Both:      4.89 MB capacity,     4.85 MB (>99%) used,    35.61 KB ( <1%) free+waste,     1.06 KB ( <1%) overhead. 

Virtual space:
  Non-class space:       16.00 MB reserved,       4.50 MB ( 28%) committed 
      Class space:        1.00 GB reserved,     512.00 KB ( <1%) committed 
             Both:        1.02 GB reserved,       5.00 MB ( <1%) committed 

Chunk freelists:
   Non-Class:  60.00 KB
       Class:  22.00 KB
        Both:  82.00 KB

MaxMetaspaceSize: 17179869184.00 GB
CompressedClassSpaceSize: 1.00 GB

CodeHeap 'non-profiled nmethods': size=120000Kb used=22Kb max_used=22Kb free=119977Kb
 bounds [0x000001cad48f0000, 0x000001cad4b60000, 0x000001cadbe20000]
CodeHeap 'profiled nmethods': size=120000Kb used=111Kb max_used=111Kb free=119888Kb
 bounds [0x000001cacd3c0000, 0x000001cacd630000, 0x000001cad48f0000]
CodeHeap 'non-nmethods': size=5760Kb used=1081Kb max_used=1081Kb free=4679Kb
 bounds [0x000001cacce20000, 0x000001cacd090000, 0x000001cacd3c0000]
 total_blobs=399 nmethods=89 adapters=223
 compilation: enabled
              stopped_count=0, restarted_count=0
 full_count=0

Compilation events (20 events):
Event: 0.094 Thread 0x000001cae1037000 nmethod 75 0x000001cacd3d9610 code [0x000001cacd3d97c0, 0x000001cacd3d9a68]
Event: 0.094 Thread 0x000001cae1037000   79       3       java.util.ImmutableCollections$SetN::iterator (9 bytes)
Event: 0.094 Thread 0x000001cae1037000 nmethod 79 0x000001cacd3d9b90 code [0x000001cacd3d9d40, 0x000001cacd3d9ec8]
Event: 0.094 Thread 0x000001cae1037000   78       1       java.lang.Module::getDescriptor (5 bytes)
Event: 0.094 Thread 0x000001cae1037000 nmethod 78 0x000001cad48f4010 code [0x000001cad48f41a0, 0x000001cad48f4258]
Event: 0.094 Thread 0x000001cae105e800 nmethod 69 0x000001cad48f4310 code [0x000001cad48f44e0, 0x000001cad48f47b8]
Event: 0.094 Thread 0x000001cae105e800   74       4       java.util.ImmutableCollections$SetN$SetNIterator::nextIndex (56 bytes)
Event: 0.095 Thread 0x000001cae105e800 nmethod 74 0x000001cad48f4910 code [0x000001cad48f4aa0, 0x000001cad48f4b78]
Event: 0.102 Thread 0x000001cae1037000   80       3       java.lang.AbstractStringBuilder::ensureCapacityInternal (39 bytes)
Event: 0.102 Thread 0x000001cae1037000 nmethod 80 0x000001cacd3d9f90 code [0x000001cacd3da160, 0x000001cacd3da5d8]
Event: 0.102 Thread 0x000001cae1037000   81       3       java.lang.StringLatin1::indexOf (61 bytes)
Event: 0.102 Thread 0x000001cae1037000 nmethod 81 0x000001cacd3da790 code [0x000001cacd3da940, 0x000001cacd3dacf8]
Event: 0.102 Thread 0x000001cae1037000   82       3       java.lang.StringLatin1::canEncode (13 bytes)
Event: 0.102 Thread 0x000001cae1037000 nmethod 82 0x000001cacd3dae10 code [0x000001cacd3dafa0, 0x000001cacd3db0d8]
Event: 0.109 Thread 0x000001cae1037000   83       3       java.lang.String::hashCode (60 bytes)
Event: 0.110 Thread 0x000001cae1037000 nmethod 83 0x000001cacd3db190 code [0x000001cacd3db360, 0x000001cacd3db7c8]
Event: 0.119 Thread 0x000001cae1037000   84       3       java.util.AbstractMap::<init> (5 bytes)
Event: 0.119 Thread 0x000001cae1037000 nmethod 84 0x000001cacd3db910 code [0x000001cacd3dbaa0, 0x000001cacd3dbbf8]
Event: 0.128 Thread 0x000001cae1037000   86       1       java.lang.Enum::ordinal (5 bytes)
Event: 0.128 Thread 0x000001cae1037000 nmethod 86 0x000001cad48f4f10 code [0x000001cad48f50a0, 0x000001cad48f5158]

GC Heap History (2 events):
Event: 0.134 GC heap before
{Heap before GC invocations=0 (full 0):
 garbage-first heap   total 65536K, used 0K [0x00000000c1c00000, 0x0000000100000000)
  region size 1024K, 1 young (1024K), 0 survivors (0K)
 Metaspace       used 4969K, capacity 5006K, committed 5120K, reserved 1062912K
  class space    used 422K, capacity 458K, committed 512K, reserved 1048576K
}
Event: 0.136 GC heap after
{Heap after GC invocations=1 (full 0):
 garbage-first heap   total 65536K, used 612K [0x00000000c1c00000, 0x0000000100000000)
  region size 1024K, 1 young (1024K), 1 survivors (1024K)
 Metaspace       used 4969K, capacity 5006K, committed 5120K, reserved 1062912K
  class space    used 422K, capacity 458K, committed 512K, reserved 1048576K
}

Deoptimization events (4 events):
Event: 0.101 Thread 0x000001cac9148000 Uncommon trap: trap_request=0xffffff45 fr.pc=0x000001cad48f46f0 relative=0x0000000000000210
Event: 0.101 Thread 0x000001cac9148000 Uncommon trap: reason=unstable_if action=reinterpret pc=0x000001cad48f46f0 method=java.lang.String.hashCode()I @ 42 c2
Event: 0.101 Thread 0x000001cac9148000 DEOPT PACKING pc=0x000001cad48f46f0 sp=0x000000c6825fd6f0
Event: 0.101 Thread 0x000001cac9148000 DEOPT UNPACKING pc=0x000001cacce6912f sp=0x000000c6825fd688 mode 2

Classes unloaded (0 events):
No events

Classes redefined (0 events):
No events

Internal exceptions (0 events):
No events

Events (20 events):
Event: 0.132 loading class java/lang/invoke/InfoFromMemberName done
Event: 0.132 loading class sun/invoke/util/BytecodeDescriptor
Event: 0.132 loading class sun/invoke/util/BytecodeDescriptor done
Event: 0.132 loading class jdk/internal/org/objectweb/asm/ClassWriter
Event: 0.133 loading class jdk/internal/org/objectweb/asm/ClassVisitor
Event: 0.133 loading class jdk/internal/org/objectweb/asm/ClassVisitor done
Event: 0.133 loading class jdk/internal/org/objectweb/asm/ClassWriter done
Event: 0.133 loading class jdk/internal/org/objectweb/asm/SymbolTable
Event: 0.133 loading class jdk/internal/org/objectweb/asm/SymbolTable done
Event: 0.133 loading class jdk/internal/org/objectweb/asm/SymbolTable$Entry
Event: 0.133 loading class jdk/internal/org/objectweb/asm/Symbol
Event: 0.133 loading class jdk/internal/org/objectweb/asm/Symbol done
Event: 0.133 loading class jdk/internal/org/objectweb/asm/SymbolTable$Entry done
Event: 0.133 loading class jdk/internal/org/objectweb/asm/ByteVector
Event: 0.134 loading class jdk/internal/org/objectweb/asm/ByteVector done
Event: 0.134 loading class jdk/internal/org/objectweb/asm/FieldWriter
Event: 0.134 loading class jdk/internal/org/objectweb/asm/FieldVisitor
Event: 0.134 loading class jdk/internal/org/objectweb/asm/FieldVisitor done
Event: 0.134 loading class jdk/internal/org/objectweb/asm/FieldWriter done
Event: 0.134 Executing VM operation: CollectForMetadataAllocation


Dynamic libraries:
0x00007ff66fc10000 - 0x00007ff66fc1d000 	C:\Users\Carolina\.p2\pool\plugins\org.eclipse.justj.openjdk.hotspot.jre.full.win32.x86_64_14.0.2.v20200815-0932\jre\bin\javaw.exe
0x00007ffa8e250000 - 0x00007ffa8e446000 	C:\WINDOWS\SYSTEM32\ntdll.dll
0x00007ffa8d9b0000 - 0x00007ffa8da6d000 	C:\WINDOWS\System32\KERNEL32.DLL
0x00007ffa8bd50000 - 0x00007ffa8c018000 	C:\WINDOWS\System32\KERNELBASE.dll
0x00007ffa8c020000 - 0x00007ffa8c120000 	C:\WINDOWS\System32\ucrtbase.dll
0x00007ffa857b0000 - 0x00007ffa857c5000 	C:\Users\Carolina\.p2\pool\plugins\org.eclipse.justj.openjdk.hotspot.jre.full.win32.x86_64_14.0.2.v20200815-0932\jre\bin\VCRUNTIME140.dll
0x00007ffa85790000 - 0x00007ffa857a8000 	C:\Users\Carolina\.p2\pool\plugins\org.eclipse.justj.openjdk.hotspot.jre.full.win32.x86_64_14.0.2.v20200815-0932\jre\bin\jli.dll
0x00007ffa73cf0000 - 0x00007ffa73f8b000 	C:\WINDOWS\WinSxS\amd64_microsoft.windows.common-controls_6595b64144ccf1df_6.0.19041.488_none_ca04af081b815d21\COMCTL32.dll
0x00007ffa8c920000 - 0x00007ffa8cac0000 	C:\WINDOWS\System32\USER32.dll
0x00007ffa8bb10000 - 0x00007ffa8bb32000 	C:\WINDOWS\System32\win32u.dll
0x00007ffa8cc70000 - 0x00007ffa8cd0e000 	C:\WINDOWS\System32\msvcrt.dll
0x00007ffa8cea0000 - 0x00007ffa8ceca000 	C:\WINDOWS\System32\GDI32.dll
0x00007ffa8b9a0000 - 0x00007ffa8baa9000 	C:\WINDOWS\System32\gdi32full.dll
0x00007ffa8c220000 - 0x00007ffa8c2bd000 	C:\WINDOWS\System32\msvcp_win.dll
0x00007ffa8e0a0000 - 0x00007ffa8e0d0000 	C:\WINDOWS\System32\IMM32.DLL
0x00007ffa6a080000 - 0x00007ffa6a11b000 	C:\Users\Carolina\.p2\pool\plugins\org.eclipse.justj.openjdk.hotspot.jre.full.win32.x86_64_14.0.2.v20200815-0932\jre\bin\msvcp140.dll
0x00007ffa44e10000 - 0x00007ffa4592e000 	C:\Users\Carolina\.p2\pool\plugins\org.eclipse.justj.openjdk.hotspot.jre.full.win32.x86_64_14.0.2.v20200815-0932\jre\bin\server\jvm.dll
0x00007ffa8c3a0000 - 0x00007ffa8c44a000 	C:\WINDOWS\System32\ADVAPI32.dll
0x00007ffa8cd10000 - 0x00007ffa8cdab000 	C:\WINDOWS\System32\sechost.dll
0x00007ffa8cb40000 - 0x00007ffa8cc64000 	C:\WINDOWS\System32\RPCRT4.dll
0x00007ffa8da70000 - 0x00007ffa8da78000 	C:\WINDOWS\System32\PSAPI.DLL
0x00007ffa7d7a0000 - 0x00007ffa7d7c7000 	C:\WINDOWS\SYSTEM32\WINMM.dll
0x00007ffa78ad0000 - 0x00007ffa78ad9000 	C:\WINDOWS\SYSTEM32\WSOCK32.dll
0x00007ffa83bc0000 - 0x00007ffa83bca000 	C:\WINDOWS\SYSTEM32\VERSION.dll
0x00007ffa8d130000 - 0x00007ffa8d19b000 	C:\WINDOWS\System32\WS2_32.dll
0x00007ffa89ad0000 - 0x00007ffa89ae2000 	C:\WINDOWS\SYSTEM32\kernel.appcore.dll
0x00007ffa85f50000 - 0x00007ffa85f5a000 	C:\Users\Carolina\.p2\pool\plugins\org.eclipse.justj.openjdk.hotspot.jre.full.win32.x86_64_14.0.2.v20200815-0932\jre\bin\jimage.dll
0x00007ffa89690000 - 0x00007ffa89874000 	C:\WINDOWS\SYSTEM32\DBGHELP.DLL
0x00007ffa78280000 - 0x00007ffa782ac000 	C:\WINDOWS\SYSTEM32\dbgcore.DLL
0x00007ffa8c150000 - 0x00007ffa8c1cf000 	C:\WINDOWS\System32\bcryptPrimitives.dll
0x00007ffa540d0000 - 0x00007ffa540f5000 	C:\Users\Carolina\.p2\pool\plugins\org.eclipse.justj.openjdk.hotspot.jre.full.win32.x86_64_14.0.2.v20200815-0932\jre\bin\java.dll
0x00007ffa83ce0000 - 0x00007ffa83cf6000 	C:\Users\Carolina\.p2\pool\plugins\org.eclipse.justj.openjdk.hotspot.jre.full.win32.x86_64_14.0.2.v20200815-0932\jre\bin\zip.dll
0x00007ffa8d1a0000 - 0x00007ffa8d8e0000 	C:\WINDOWS\System32\SHELL32.dll
0x00007ffa89af0000 - 0x00007ffa8a284000 	C:\WINDOWS\SYSTEM32\windows.storage.dll
0x00007ffa8c450000 - 0x00007ffa8c7a5000 	C:\WINDOWS\System32\combase.dll
0x00007ffa8b410000 - 0x00007ffa8b43c000 	C:\WINDOWS\SYSTEM32\Wldp.dll
0x00007ffa8d080000 - 0x00007ffa8d12e000 	C:\WINDOWS\System32\SHCORE.dll
0x00007ffa8c8c0000 - 0x00007ffa8c915000 	C:\WINDOWS\System32\shlwapi.dll
0x00007ffa8b8d0000 - 0x00007ffa8b8f6000 	C:\WINDOWS\SYSTEM32\profapi.dll

dbghelp: loaded successfully - version: 4.0.5 - missing functions: none
symbol engine: initialized successfully - sym options: 0x614 - pdb path: .;C:\Users\Carolina\.p2\pool\plugins\org.eclipse.justj.openjdk.hotspot.jre.full.win32.x86_64_14.0.2.v20200815-0932\jre\bin;C:\WINDOWS\SYSTEM32;C:\WINDOWS\WinSxS\amd64_microsoft.windows.common-controls_6595b64144ccf1df_6.0.19041.488_none_ca04af081b815d21;C:\Users\Carolina\.p2\pool\plugins\org.eclipse.justj.openjdk.hotspot.jre.full.win32.x86_64_14.0.2.v20200815-0932\jre\bin\server

VM Arguments:
jvm_args: -Dfile.encoding=Cp1252 -XX:+ShowCodeDetailsInExceptionMessages 
java_command: Ventana
java_class_path (initial): C:\Users\Carolina\Documents\GitHub\BaseDeDatos\bin;C:\Users\Carolina\eclipse-workspace\ejemplo java-MySQL\mysql-connector-java-8.0.21.jar;C:\Users\Carolina\eclipse-workspace\ejemplo java-MySQL\quicktable-3.0.jar
Launcher Type: SUN_STANDARD

[Global flags]
     intx CICompilerCount                          = 3                                         {product} {ergonomic}
     uint ConcGCThreads                            = 1                                         {product} {ergonomic}
     uint G1ConcRefinementThreads                  = 4                                         {product} {ergonomic}
   size_t G1HeapRegionSize                         = 1048576                                   {product} {ergonomic}
    uintx GCDrainStackTargetSize                   = 64                                        {product} {ergonomic}
   size_t InitialHeapSize                          = 67108864                                  {product} {ergonomic}
   size_t MarkStackSize                            = 4194304                                   {product} {ergonomic}
   size_t MaxHeapSize                              = 1044381696                                {product} {ergonomic}
   size_t MaxNewSize                               = 625999872                                 {product} {ergonomic}
   size_t MinHeapDeltaBytes                        = 1048576                                   {product} {ergonomic}
   size_t MinHeapSize                              = 8388608                                   {product} {ergonomic}
    uintx NonNMethodCodeHeapSize                   = 5832780                                {pd product} {ergonomic}
    uintx NonProfiledCodeHeapSize                  = 122912730                              {pd product} {ergonomic}
    uintx ProfiledCodeHeapSize                     = 122912730                              {pd product} {ergonomic}
    uintx ReservedCodeCacheSize                    = 251658240                              {pd product} {ergonomic}
     bool SegmentedCodeCache                       = true                                      {product} {ergonomic}
     bool ShowCodeDetailsInExceptionMessages       = true                                   {manageable} {command line}
   size_t SoftMaxHeapSize                          = 1044381696                             {manageable} {ergonomic}
     bool UseCompressedClassPointers               = true                                 {lp64_product} {ergonomic}
     bool UseCompressedOops                        = true                                 {lp64_product} {ergonomic}
     bool UseG1GC                                  = true                                      {product} {ergonomic}
     bool UseLargePagesIndividualAllocation        = false                                  {pd product} {ergonomic}

Logging:
Log output configuration:
 #0: stdout all=warning uptime,level,tags
 #1: stderr all=off uptime,level,tags

Environment Variables:
PATH=C:/Users/Carolina/.p2/pool/plugins/org.eclipse.justj.openjdk.hotspot.jre.full.win32.x86_64_14.0.2.v20200815-0932/jre/bin/server;C:/Users/Carolina/.p2/pool/plugins/org.eclipse.justj.openjdk.hotspot.jre.full.win32.x86_64_14.0.2.v20200815-0932/jre/bin;C:\Program Files (x86)\VMware\VMware Player\bin\;C:\WINDOWS\system32;C:\WINDOWS;C:\WINDOWS\System32\Wbem;C:\WINDOWS\System32\WindowsPowerShell\v1.0\;C:\WINDOWS\System32\OpenSSH\;C:\Users\Carolina\AppData\Local\Microsoft\WindowsApps;C:\Users\Carolina\AppData\Local\GitHubDesktop\bin;;C:\Users\Carolina\Desktop;
USERNAME=Carolina
OS=Windows_NT
PROCESSOR_IDENTIFIER=Intel64 Family 6 Model 142 Stepping 9, GenuineIntel



---------------  S Y S T E M  ---------------

OS: Windows 10 , 64 bit Build 19041 (10.0.19041.546)
OS uptime: 0 days 2:56 hours

CPU:total 4 (initial active 4) (2 cores per cpu, 2 threads per core) family 6 model 142 stepping 9, cmov, cx8, fxsr, mmx, sse, sse2, sse3, ssse3, sse4.1, sse4.2, popcnt, avx, avx2, aes, clmul, erms, 3dnowpref, lzcnt, ht, tsc, tscinvbit, bmi1, bmi2, adx, fma

Memory: 4k page, system-wide physical 3981M (292M free)
TotalPageFile size 16269M (AvailPageFile size 2M)
current process WorkingSet (physical memory assigned to process): 30M, peak: 30M
current process commit charge ("private bytes"): 128M, peak: 129M

vm_info: OpenJDK 64-Bit Server VM (14.0.2+12-46) for windows-amd64 JRE (14.0.2+12-46), built on Jul  9 2020 00:31:16 by "mach5one" with MS VC++ 15.9 (VS2017)

END.
