#
# There is insufficient memory for the Java Runtime Environment to continue.
# Native memory allocation (malloc) failed to allocate 1048576 bytes for AllocateHeap
# Possible reasons:
#   The system is out of physical RAM or swap space
#   The process is running with CompressedOops enabled, and the Java Heap may be blocking the growth of the native heap
# Possible solutions:
#   Reduce memory load on the system
#   Increase physical memory or swap space
#   Check if swap backing store is full
#   Decrease Java heap size (-Xmx/-Xms)
#   Decrease number of Java threads
#   Decrease Java thread stack sizes (-Xss)
#   Set larger code cache with -XX:ReservedCodeCacheSize=
#   JVM is running with Unscaled Compressed Oops mode in which the Java heap is
#     placed in the first 4GB address space. The Java Heap base address is the
#     maximum limit for the native heap growth. Please use -XX:HeapBaseMinAddress
#     to set the Java Heap base and to place the Java Heap above 4GB virtual address.
# This output file may be truncated or incomplete.
#
#  Out of Memory Error (./open/src/hotspot/share/memory/allocation.cpp:44), pid=4456, tid=17588
#
# JRE version: OpenJDK Runtime Environment (14.0.2+12) (build 14.0.2+12-46)
# Java VM: OpenJDK 64-Bit Server VM (14.0.2+12-46, mixed mode, tiered, compressed oops, g1 gc, windows-amd64)
# No core dump will be written. Minidumps are not enabled by default on client versions of Windows
#

---------------  S U M M A R Y ------------

Command Line: -Dfile.encoding=Cp1252 -XX:+ShowCodeDetailsInExceptionMessages Ventana

Host: Intel(R) Core(TM) i7-7500U CPU @ 2.70GHz, 4 cores, 3G,  Windows 10 , 64 bit Build 19041 (10.0.19041.546)
Time: Sun Oct 25 16:23:58 2020 Argentina Standard Time elapsed time: 0 seconds (0d 0h 0m 0s)

---------------  T H R E A D  ---------------

Current thread (0x0000023878843800):  VMThread "VM Thread" [stack: 0x000000716e800000,0x000000716e900000] [id=17588]

Stack: [0x000000716e800000,0x000000716e900000]
[error occurred during error reporting (printing stack bounds), id 0xc0000005, EXCEPTION_ACCESS_VIOLATION (0xc0000005) at pc=0x00000238646710ad]

Native frames: (J=compiled Java code, j=interpreted, Vv=VM code, C=native code)
V  [jvm.dll+0x5f8a9a]
V  [jvm.dll+0x74247a]
V  [jvm.dll+0x743c2f]
V  [jvm.dll+0x7441d5]
V  [jvm.dll+0x74418b]
V  [jvm.dll+0x5f7f6f]
V  [jvm.dll+0x5f8738]
C  [ntdll.dll+0xa10ef]
C  [ntdll.dll+0x4b474]
C  [ntdll.dll+0x9fc1e]
C  0x00000238646710ad

VM_Operation (0x000000716e2fc7e0): CollectForMetadataAllocation, mode: safepoint, requested by thread 0x0000023860997000


---------------  P R O C E S S  ---------------

Threads class SMR info:
_java_thread_list=0x0000023878b14770, length=11, elements={
0x0000023860997000, 0x0000023878848800, 0x0000023878849800, 0x0000023878898800,
0x000002387889d800, 0x000002387889e800, 0x00000238788b3800, 0x00000238788b5000,
0x00000238788c1000, 0x0000023878b37000, 0x0000023878b4b800
}

Java Threads: ( => current thread )
  0x0000023860997000 JavaThread "main" [_thread_blocked, id=14472, stack(0x000000716e200000,0x000000716e300000)]
  0x0000023878848800 JavaThread "Reference Handler" daemon [_thread_blocked, id=19036, stack(0x000000716e900000,0x000000716ea00000)]
  0x0000023878849800 JavaThread "Finalizer" daemon [_thread_blocked, id=9108, stack(0x000000716ea00000,0x000000716eb00000)]
  0x0000023878898800 JavaThread "Signal Dispatcher" daemon [_thread_blocked, id=19216, stack(0x000000716eb00000,0x000000716ec00000)]
  0x000002387889d800 JavaThread "Attach Listener" daemon [_thread_blocked, id=14964, stack(0x000000716ec00000,0x000000716ed00000)]
  0x000002387889e800 JavaThread "Service Thread" daemon [_thread_blocked, id=18024, stack(0x000000716ed00000,0x000000716ee00000)]
  0x00000238788b3800 JavaThread "C2 CompilerThread0" daemon [_thread_blocked, id=18760, stack(0x000000716ee00000,0x000000716ef00000)]
  0x00000238788b5000 JavaThread "C1 CompilerThread0" daemon [_thread_blocked, id=19424, stack(0x000000716ef00000,0x000000716f000000)]
  0x00000238788c1000 JavaThread "Sweeper thread" daemon [_thread_blocked, id=10396, stack(0x000000716f000000,0x000000716f100000)]
  0x0000023878b37000 JavaThread "Notification Thread" daemon [_thread_blocked, id=7432, stack(0x000000716f100000,0x000000716f200000)]
  0x0000023878b4b800 JavaThread "Common-Cleaner" daemon [_thread_blocked, id=1924, stack(0x000000716f300000,0x000000716f400000)]

Other Threads:
=>0x0000023878843800 VMThread "VM Thread" [stack: 0x000000716e800000,0x000000716e900000] [id=17588]
  0x0000023878b38000 WatcherThread [stack: 0x000000716f200000,0x000000716f300000] [id=8844]
  0x00000238609c7800 GCTaskThread "GC Thread#0" [stack: 0x000000716e300000,0x000000716e400000] [id=18980]
  0x0000023878fae800 GCTaskThread "GC Thread#1" [stack: 0x000000716f400000,0x000000716f500000] [id=15832]
  0x00000238609d3800 ConcurrentGCThread "G1 Main Marker" [stack: 0x000000716e400000,0x000000716e500000] [id=19224]
  0x00000238609d5800 ConcurrentGCThread "G1 Conc#0" [stack: 0x000000716e500000,0x000000716e600000] [id=17024]
  0x0000023860a2f000 ConcurrentGCThread "G1 Refine#0" [stack: 0x000000716e600000,0x000000716e700000] [id=18960]
  0x0000023860a32000 ConcurrentGCThread "G1 Young RemSet Sampling" [stack: 0x000000716e700000,0x000000716e800000] [id=16652]

Threads with active compile tasks:

VM state:at safepoint (normal execution)

VM Mutex/Monitor currently owned by a thread:  ([mutex/lock_event])
[0x0000023860992820] Threads_lock - owner thread: 0x0000023878843800
[0x0000023860992700] Heap_lock - owner thread: 0x0000023860997000

Heap address: 0x00000000c1c00000, size: 996 MB, Compressed Oops mode: 32-bit
Narrow klass base: 0x0000000000000000, Narrow klass shift: 3
Compressed class space size: 1073741824 Address: 0x0000000100000000

Heap:
 garbage-first heap   total 65536K, used 1015K [0x00000000c1c00000, 0x0000000100000000)
  region size 1024K, 1 young (1024K), 1 survivors (1024K)
 Metaspace       used 8395K, capacity 8474K, committed 8576K, reserved 1069056K
  class space    used 749K, capacity 805K, committed 896K, reserved 1048576K
Heap Regions: E=young(eden), S=young(survivor), O=old, HS=humongous(starts), HC=humongous(continues), CS=collection set, F=free, OA=open archive, CA=closed archive, TAMS=top-at-mark-start (previous, next)
|   0|0x00000000c1c00000, 0x00000000c1c00000, 0x00000000c1d00000|  0%| F|  |TAMS 0x00000000c1c00000, 0x00000000c1c00000| Untracked 
|   1|0x00000000c1d00000, 0x00000000c1d00000, 0x00000000c1e00000|  0%| F|  |TAMS 0x00000000c1d00000, 0x00000000c1d00000| Untracked 
|   2|0x00000000c1e00000, 0x00000000c1e00000, 0x00000000c1f00000|  0%| F|  |TAMS 0x00000000c1e00000, 0x00000000c1e00000| Untracked 
|   3|0x00000000c1f00000, 0x00000000c1f00000, 0x00000000c2000000|  0%| F|  |TAMS 0x00000000c1f00000, 0x00000000c1f00000| Untracked 
|   4|0x00000000c2000000, 0x00000000c2000000, 0x00000000c2100000|  0%| F|  |TAMS 0x00000000c2000000, 0x00000000c2000000| Untracked 
|   5|0x00000000c2100000, 0x00000000c2100000, 0x00000000c2200000|  0%| F|  |TAMS 0x00000000c2100000, 0x00000000c2100000| Untracked 
|   6|0x00000000c2200000, 0x00000000c2200000, 0x00000000c2300000|  0%| F|  |TAMS 0x00000000c2200000, 0x00000000c2200000| Untracked 
|   7|0x00000000c2300000, 0x00000000c2300000, 0x00000000c2400000|  0%| F|  |TAMS 0x00000000c2300000, 0x00000000c2300000| Untracked 
|   8|0x00000000c2400000, 0x00000000c2400000, 0x00000000c2500000|  0%| F|  |TAMS 0x00000000c2400000, 0x00000000c2400000| Untracked 
|   9|0x00000000c2500000, 0x00000000c2500000, 0x00000000c2600000|  0%| F|  |TAMS 0x00000000c2500000, 0x00000000c2500000| Untracked 
|  10|0x00000000c2600000, 0x00000000c2600000, 0x00000000c2700000|  0%| F|  |TAMS 0x00000000c2600000, 0x00000000c2600000| Untracked 
|  11|0x00000000c2700000, 0x00000000c2700000, 0x00000000c2800000|  0%| F|  |TAMS 0x00000000c2700000, 0x00000000c2700000| Untracked 
|  12|0x00000000c2800000, 0x00000000c2800000, 0x00000000c2900000|  0%| F|  |TAMS 0x00000000c2800000, 0x00000000c2800000| Untracked 
|  13|0x00000000c2900000, 0x00000000c2900000, 0x00000000c2a00000|  0%| F|  |TAMS 0x00000000c2900000, 0x00000000c2900000| Untracked 
|  14|0x00000000c2a00000, 0x00000000c2a00000, 0x00000000c2b00000|  0%| F|  |TAMS 0x00000000c2a00000, 0x00000000c2a00000| Untracked 
|  15|0x00000000c2b00000, 0x00000000c2b00000, 0x00000000c2c00000|  0%| F|  |TAMS 0x00000000c2b00000, 0x00000000c2b00000| Untracked 
|  16|0x00000000c2c00000, 0x00000000c2c00000, 0x00000000c2d00000|  0%| F|  |TAMS 0x00000000c2c00000, 0x00000000c2c00000| Untracked 
|  17|0x00000000c2d00000, 0x00000000c2d00000, 0x00000000c2e00000|  0%| F|  |TAMS 0x00000000c2d00000, 0x00000000c2d00000| Untracked 
|  18|0x00000000c2e00000, 0x00000000c2e00000, 0x00000000c2f00000|  0%| F|  |TAMS 0x00000000c2e00000, 0x00000000c2e00000| Untracked 
|  19|0x00000000c2f00000, 0x00000000c2f00000, 0x00000000c3000000|  0%| F|  |TAMS 0x00000000c2f00000, 0x00000000c2f00000| Untracked 
|  20|0x00000000c3000000, 0x00000000c3000000, 0x00000000c3100000|  0%| F|  |TAMS 0x00000000c3000000, 0x00000000c3000000| Untracked 
|  21|0x00000000c3100000, 0x00000000c3100000, 0x00000000c3200000|  0%| F|  |TAMS 0x00000000c3100000, 0x00000000c3100000| Untracked 
|  22|0x00000000c3200000, 0x00000000c3200000, 0x00000000c3300000|  0%| F|  |TAMS 0x00000000c3200000, 0x00000000c3200000| Untracked 
|  23|0x00000000c3300000, 0x00000000c3300000, 0x00000000c3400000|  0%| F|  |TAMS 0x00000000c3300000, 0x00000000c3300000| Untracked 
|  24|0x00000000c3400000, 0x00000000c3400000, 0x00000000c3500000|  0%| F|  |TAMS 0x00000000c3400000, 0x00000000c3400000| Untracked 
|  25|0x00000000c3500000, 0x00000000c3500000, 0x00000000c3600000|  0%| F|  |TAMS 0x00000000c3500000, 0x00000000c3500000| Untracked 
|  26|0x00000000c3600000, 0x00000000c3600000, 0x00000000c3700000|  0%| F|  |TAMS 0x00000000c3600000, 0x00000000c3600000| Untracked 
|  27|0x00000000c3700000, 0x00000000c3700000, 0x00000000c3800000|  0%| F|  |TAMS 0x00000000c3700000, 0x00000000c3700000| Untracked 
|  28|0x00000000c3800000, 0x00000000c3800000, 0x00000000c3900000|  0%| F|  |TAMS 0x00000000c3800000, 0x00000000c3800000| Untracked 
|  29|0x00000000c3900000, 0x00000000c3900000, 0x00000000c3a00000|  0%| F|  |TAMS 0x00000000c3900000, 0x00000000c3900000| Untracked 
|  30|0x00000000c3a00000, 0x00000000c3a00000, 0x00000000c3b00000|  0%| F|  |TAMS 0x00000000c3a00000, 0x00000000c3a00000| Untracked 
|  31|0x00000000c3b00000, 0x00000000c3b00000, 0x00000000c3c00000|  0%| F|  |TAMS 0x00000000c3b00000, 0x00000000c3b00000| Untracked 
|  32|0x00000000c3c00000, 0x00000000c3c00000, 0x00000000c3d00000|  0%| F|  |TAMS 0x00000000c3c00000, 0x00000000c3c00000| Untracked 
|  33|0x00000000c3d00000, 0x00000000c3d00000, 0x00000000c3e00000|  0%| F|  |TAMS 0x00000000c3d00000, 0x00000000c3d00000| Untracked 
|  34|0x00000000c3e00000, 0x00000000c3e00000, 0x00000000c3f00000|  0%| F|  |TAMS 0x00000000c3e00000, 0x00000000c3e00000| Untracked 
|  35|0x00000000c3f00000, 0x00000000c3f00000, 0x00000000c4000000|  0%| F|  |TAMS 0x00000000c3f00000, 0x00000000c3f00000| Untracked 
|  36|0x00000000c4000000, 0x00000000c4000000, 0x00000000c4100000|  0%| F|  |TAMS 0x00000000c4000000, 0x00000000c4000000| Untracked 
|  37|0x00000000c4100000, 0x00000000c4100000, 0x00000000c4200000|  0%| F|  |TAMS 0x00000000c4100000, 0x00000000c4100000| Untracked 
|  38|0x00000000c4200000, 0x00000000c4200000, 0x00000000c4300000|  0%| F|  |TAMS 0x00000000c4200000, 0x00000000c4200000| Untracked 
|  39|0x00000000c4300000, 0x00000000c4300000, 0x00000000c4400000|  0%| F|  |TAMS 0x00000000c4300000, 0x00000000c4300000| Untracked 
|  40|0x00000000c4400000, 0x00000000c4400000, 0x00000000c4500000|  0%| F|  |TAMS 0x00000000c4400000, 0x00000000c4400000| Untracked 
|  41|0x00000000c4500000, 0x00000000c4500000, 0x00000000c4600000|  0%| F|  |TAMS 0x00000000c4500000, 0x00000000c4500000| Untracked 
|  42|0x00000000c4600000, 0x00000000c4600000, 0x00000000c4700000|  0%| F|  |TAMS 0x00000000c4600000, 0x00000000c4600000| Untracked 
|  43|0x00000000c4700000, 0x00000000c4700000, 0x00000000c4800000|  0%| F|  |TAMS 0x00000000c4700000, 0x00000000c4700000| Untracked 
|  44|0x00000000c4800000, 0x00000000c4800000, 0x00000000c4900000|  0%| F|  |TAMS 0x00000000c4800000, 0x00000000c4800000| Untracked 
|  45|0x00000000c4900000, 0x00000000c4900000, 0x00000000c4a00000|  0%| F|  |TAMS 0x00000000c4900000, 0x00000000c4900000| Untracked 
|  46|0x00000000c4a00000, 0x00000000c4a00000, 0x00000000c4b00000|  0%| F|  |TAMS 0x00000000c4a00000, 0x00000000c4a00000| Untracked 
|  47|0x00000000c4b00000, 0x00000000c4b00000, 0x00000000c4c00000|  0%| F|  |TAMS 0x00000000c4b00000, 0x00000000c4b00000| Untracked 
|  48|0x00000000c4c00000, 0x00000000c4c00000, 0x00000000c4d00000|  0%| F|  |TAMS 0x00000000c4c00000, 0x00000000c4c00000| Untracked 
|  49|0x00000000c4d00000, 0x00000000c4d00000, 0x00000000c4e00000|  0%| F|  |TAMS 0x00000000c4d00000, 0x00000000c4d00000| Untracked 
|  50|0x00000000c4e00000, 0x00000000c4e00000, 0x00000000c4f00000|  0%| F|  |TAMS 0x00000000c4e00000, 0x00000000c4e00000| Untracked 
|  51|0x00000000c4f00000, 0x00000000c4f00000, 0x00000000c5000000|  0%| F|  |TAMS 0x00000000c4f00000, 0x00000000c4f00000| Untracked 
|  52|0x00000000c5000000, 0x00000000c5000000, 0x00000000c5100000|  0%| F|  |TAMS 0x00000000c5000000, 0x00000000c5000000| Untracked 
|  53|0x00000000c5100000, 0x00000000c5100000, 0x00000000c5200000|  0%| F|  |TAMS 0x00000000c5100000, 0x00000000c5100000| Untracked 
|  54|0x00000000c5200000, 0x00000000c5200000, 0x00000000c5300000|  0%| F|  |TAMS 0x00000000c5200000, 0x00000000c5200000| Untracked 
|  55|0x00000000c5300000, 0x00000000c5300000, 0x00000000c5400000|  0%| F|  |TAMS 0x00000000c5300000, 0x00000000c5300000| Untracked 
|  56|0x00000000c5400000, 0x00000000c5400000, 0x00000000c5500000|  0%| F|  |TAMS 0x00000000c5400000, 0x00000000c5400000| Untracked 
|  57|0x00000000c5500000, 0x00000000c5500000, 0x00000000c5600000|  0%| F|  |TAMS 0x00000000c5500000, 0x00000000c5500000| Untracked 
|  58|0x00000000c5600000, 0x00000000c5600000, 0x00000000c5700000|  0%| F|  |TAMS 0x00000000c5600000, 0x00000000c5600000| Untracked 
|  59|0x00000000c5700000, 0x00000000c5700000, 0x00000000c5800000|  0%| F|  |TAMS 0x00000000c5700000, 0x00000000c5700000| Untracked 
|  60|0x00000000c5800000, 0x00000000c5800000, 0x00000000c5900000|  0%| F|  |TAMS 0x00000000c5800000, 0x00000000c5800000| Untracked 
|  61|0x00000000c5900000, 0x00000000c59fdd70, 0x00000000c5a00000| 99%| S|CS|TAMS 0x00000000c5900000, 0x00000000c5900000| Complete 
|  62|0x00000000c5a00000, 0x00000000c5a00000, 0x00000000c5b00000|  0%| F|  |TAMS 0x00000000c5a00000, 0x00000000c5a00000| Untracked 
|  63|0x00000000c5b00000, 0x00000000c5b00000, 0x00000000c5c00000|  0%| F|  |TAMS 0x00000000c5b00000, 0x00000000c5b00000| Untracked 

Card table byte_map: [0x0000023873870000,0x0000023873a70000] _byte_map_base: 0x0000023873262000

Marking Bits (Prev, Next): (CMBitMap*) 0x00000238609c8428, (CMBitMap*) 0x00000238609c8468
 Prev Bits: [0x0000023873c70000, 0x0000023874c00000)
 Next Bits: [0x0000023874c00000, 0x0000023875b90000)

Polling page: 0x000002385e8a0000

Metaspace:

Usage:
  Non-class:      7.49 MB capacity,     7.47 MB (>99%) used,    15.98 KB ( <1%) free+waste,     6.44 KB ( <1%) overhead. 
      Class:    805.00 KB capacity,   749.14 KB ( 93%) used,    53.05 KB (  7%) free+waste,     2.81 KB ( <1%) overhead. 
       Both:      8.28 MB capacity,     8.20 MB (>99%) used,    69.03 KB ( <1%) free+waste,     9.25 KB ( <1%) overhead. 

Virtual space:
  Non-class space:       20.00 MB reserved,       7.50 MB ( 38%) committed 
      Class space:        1.00 GB reserved,     896.00 KB ( <1%) committed 
             Both:        1.02 GB reserved,       8.38 MB ( <1%) committed 

Chunk freelists:
   Non-Class:  11.00 KB
       Class:  27.00 KB
        Both:  38.00 KB

MaxMetaspaceSize: 17179869184.00 GB
CompressedClassSpaceSize: 1.00 GB

CodeHeap 'non-profiled nmethods': size=120000Kb used=86Kb max_used=86Kb free=119913Kb
 bounds [0x000002386c140000, 0x000002386c3b0000, 0x0000023873670000]
CodeHeap 'profiled nmethods': size=120000Kb used=347Kb max_used=347Kb free=119652Kb
 bounds [0x0000023864c10000, 0x0000023864e80000, 0x000002386c140000]
CodeHeap 'non-nmethods': size=5760Kb used=1170Kb max_used=1170Kb free=4589Kb
 bounds [0x0000023864670000, 0x00000238648e0000, 0x0000023864c10000]
 total_blobs=710 nmethods=281 adapters=342
 compilation: enabled
              stopped_count=0, restarted_count=0
 full_count=0

Compilation events (20 events):
Event: 0.230 Thread 0x00000238788b5000  266       3       java.lang.invoke.LambdaForm$NamedFunction::methodType (23 bytes)
Event: 0.230 Thread 0x00000238788b5000 nmethod 266 0x0000023864c61790 code [0x0000023864c61940, 0x0000023864c61b68]
Event: 0.230 Thread 0x00000238788b5000  263       3       jdk.internal.org.objectweb.asm.Frame::getLocal (46 bytes)
Event: 0.230 Thread 0x00000238788b5000 nmethod 263 0x0000023864c61c90 code [0x0000023864c61e20, 0x0000023864c62018]
Event: 0.230 Thread 0x00000238788b5000  270       1       java.lang.invoke.LambdaForm$NamedFunction::intrinsicName (5 bytes)
Event: 0.230 Thread 0x00000238788b5000 nmethod 270 0x000002386c154c90 code [0x000002386c154e20, 0x000002386c154ed8]
Event: 0.231 Thread 0x00000238788b5000  274       3       java.lang.invoke.MethodType::parameterCount (6 bytes)
Event: 0.231 Thread 0x00000238788b5000 nmethod 274 0x0000023864c62110 code [0x0000023864c622a0, 0x0000023864c623b8]
Event: 0.232 Thread 0x00000238788b5000  275       3       java.lang.invoke.InvokerBytecodeGenerator::getInternalName (103 bytes)
Event: 0.232 Thread 0x00000238788b5000 nmethod 275 0x0000023864c62490 code [0x0000023864c62680, 0x0000023864c62b38]
Event: 0.240 Thread 0x00000238788b5000  277       3       sun.invoke.util.Wrapper::forPrimitiveType (49 bytes)
Event: 0.242 Thread 0x00000238788b5000 nmethod 277 0x0000023864c62c90 code [0x0000023864c63020, 0x0000023864c64548]
Event: 0.242 Thread 0x00000238788b5000  280       3       java.lang.String::checkBoundsBeginEnd (63 bytes)
Event: 0.242 Thread 0x00000238788b5000 nmethod 280 0x0000023864c64d10 code [0x0000023864c64fc0, 0x0000023864c65af8]
Event: 0.242 Thread 0x00000238788b5000  278       3       java.util.ArrayList::add (25 bytes)
Event: 0.242 Thread 0x00000238788b5000 nmethod 278 0x0000023864c65f10 code [0x0000023864c660e0, 0x0000023864c664e8]
Event: 0.242 Thread 0x00000238788b5000  279       3       java.util.ArrayList::add (23 bytes)
Event: 0.242 Thread 0x00000238788b5000 nmethod 279 0x0000023864c66690 code [0x0000023864c66860, 0x0000023864c66be8]
Event: 0.253 Thread 0x00000238788b5000  281       1       java.lang.reflect.Method::getName (5 bytes)
Event: 0.253 Thread 0x00000238788b5000 nmethod 281 0x000002386c155590 code [0x000002386c155720, 0x000002386c1557d8]

GC Heap History (2 events):
Event: 0.257 GC heap before
{Heap before GC invocations=0 (full 0):
 garbage-first heap   total 65536K, used 1024K [0x00000000c1c00000, 0x0000000100000000)
  region size 1024K, 2 young (2048K), 0 survivors (0K)
 Metaspace       used 8395K, capacity 8474K, committed 8576K, reserved 1067008K
  class space    used 749K, capacity 805K, committed 896K, reserved 1048576K
}
Event: 0.259 GC heap after
{Heap after GC invocations=1 (full 0):
 garbage-first heap   total 65536K, used 1015K [0x00000000c1c00000, 0x0000000100000000)
  region size 1024K, 1 young (1024K), 1 survivors (1024K)
 Metaspace       used 8395K, capacity 8474K, committed 8576K, reserved 1067008K
  class space    used 749K, capacity 805K, committed 896K, reserved 1048576K
}

Deoptimization events (4 events):
Event: 0.098 Thread 0x0000023860997000 Uncommon trap: trap_request=0xffffff45 fr.pc=0x000002386c1446f0 relative=0x0000000000000210
Event: 0.098 Thread 0x0000023860997000 Uncommon trap: reason=unstable_if action=reinterpret pc=0x000002386c1446f0 method=java.lang.String.hashCode()I @ 42 c2
Event: 0.098 Thread 0x0000023860997000 DEOPT PACKING pc=0x000002386c1446f0 sp=0x000000716e2fd310
Event: 0.098 Thread 0x0000023860997000 DEOPT UNPACKING pc=0x00000238646b912f sp=0x000000716e2fd2a8 mode 2

Classes unloaded (0 events):
No events

Classes redefined (0 events):
No events

Internal exceptions (3 events):
Event: 0.179 Thread 0x0000023860997000 Exception <a 'java/lang/ClassNotFoundException'{0x00000000c5a3ebc0}: sun/awt/resources/spi/awtProvider> (0x00000000c5a3ebc0) 
thrown [./open/src/hotspot/share/classfile/systemDictionary.cpp, line 226]
Event: 0.219 Thread 0x0000023860997000 Exception <a 'java/io/FileNotFoundException'{0x00000000c5a93768}> (0x00000000c5a93768) 
thrown [./open/src/hotspot/share/prims/jni.cpp, line 599]
Event: 0.230 Thread 0x0000023860997000 Exception <a 'java/io/FileNotFoundException'{0x00000000c5ab9ab8}> (0x00000000c5ab9ab8) 
thrown [./open/src/hotspot/share/prims/jni.cpp, line 599]

Events (20 events):
Event: 0.256 loading class java/awt/Image$1 done
Event: 0.256 loading class sun/awt/image/SurfaceManager
Event: 0.256 loading class sun/awt/image/SurfaceManager done
Event: 0.256 loading class sun/awt/image/VolatileSurfaceManager
Event: 0.256 loading class sun/awt/DisplayChangedListener
Event: 0.256 loading class sun/awt/DisplayChangedListener done
Event: 0.256 loading class sun/awt/image/VolatileSurfaceManager done
Event: 0.256 loading class sun/awt/windows/WDesktopPeer
Event: 0.256 loading class java/awt/peer/DesktopPeer
Event: 0.256 loading class java/awt/peer/DesktopPeer done
Event: 0.257 loading class sun/awt/windows/WDesktopPeer done
Event: 0.257 loading class javax/swing/event/EventListenerList
Event: 0.257 loading class javax/swing/event/EventListenerList done
Event: 0.257 loading class java/awt/desktop/UserSessionEvent$Reason
Event: 0.257 loading class java/awt/desktop/UserSessionEvent$Reason done
Event: 0.257 loading class jdk/internal/logger/BootstrapLogger$RedirectedLoggers
Event: 0.257 loading class jdk/internal/logger/BootstrapLogger$RedirectedLoggers done
Event: 0.257 loading class jdk/internal/logger/SurrogateLogger
Event: 0.257 loading class jdk/internal/logger/SimpleConsoleLogger
Event: 0.257 Executing VM operation: CollectForMetadataAllocation


Dynamic libraries:
0x00007ff66fc10000 - 0x00007ff66fc1d000 	C:\Users\Carolina\.p2\pool\plugins\org.eclipse.justj.openjdk.hotspot.jre.full.win32.x86_64_14.0.2.v20200815-0932\jre\bin\javaw.exe
0x00007ffa8e250000 - 0x00007ffa8e446000 	C:\WINDOWS\SYSTEM32\ntdll.dll
0x00007ffa8d9b0000 - 0x00007ffa8da6d000 	C:\WINDOWS\System32\KERNEL32.DLL
0x00007ffa8bd50000 - 0x00007ffa8c018000 	C:\WINDOWS\System32\KERNELBASE.dll
0x00007ffa8c020000 - 0x00007ffa8c120000 	C:\WINDOWS\System32\ucrtbase.dll
0x00007ffa85790000 - 0x00007ffa857a8000 	C:\Users\Carolina\.p2\pool\plugins\org.eclipse.justj.openjdk.hotspot.jre.full.win32.x86_64_14.0.2.v20200815-0932\jre\bin\jli.dll
0x00007ffa857b0000 - 0x00007ffa857c5000 	C:\Users\Carolina\.p2\pool\plugins\org.eclipse.justj.openjdk.hotspot.jre.full.win32.x86_64_14.0.2.v20200815-0932\jre\bin\VCRUNTIME140.dll
0x00007ffa8c920000 - 0x00007ffa8cac0000 	C:\WINDOWS\System32\USER32.dll
0x00007ffa73cf0000 - 0x00007ffa73f8b000 	C:\WINDOWS\WinSxS\amd64_microsoft.windows.common-controls_6595b64144ccf1df_6.0.19041.488_none_ca04af081b815d21\COMCTL32.dll
0x00007ffa8bb10000 - 0x00007ffa8bb32000 	C:\WINDOWS\System32\win32u.dll
0x00007ffa8cea0000 - 0x00007ffa8ceca000 	C:\WINDOWS\System32\GDI32.dll
0x00007ffa8cc70000 - 0x00007ffa8cd0e000 	C:\WINDOWS\System32\msvcrt.dll
0x00007ffa8b9a0000 - 0x00007ffa8baa9000 	C:\WINDOWS\System32\gdi32full.dll
0x00007ffa8c220000 - 0x00007ffa8c2bd000 	C:\WINDOWS\System32\msvcp_win.dll
0x00007ffa8e0a0000 - 0x00007ffa8e0d0000 	C:\WINDOWS\System32\IMM32.DLL
0x00007ffa6a080000 - 0x00007ffa6a11b000 	C:\Users\Carolina\.p2\pool\plugins\org.eclipse.justj.openjdk.hotspot.jre.full.win32.x86_64_14.0.2.v20200815-0932\jre\bin\msvcp140.dll
0x00007ffa44e10000 - 0x00007ffa4592e000 	C:\Users\Carolina\.p2\pool\plugins\org.eclipse.justj.openjdk.hotspot.jre.full.win32.x86_64_14.0.2.v20200815-0932\jre\bin\server\jvm.dll
0x00007ffa8c3a0000 - 0x00007ffa8c44a000 	C:\WINDOWS\System32\ADVAPI32.dll
0x00007ffa8cd10000 - 0x00007ffa8cdab000 	C:\WINDOWS\System32\sechost.dll
0x00007ffa8cb40000 - 0x00007ffa8cc64000 	C:\WINDOWS\System32\RPCRT4.dll
0x00007ffa8da70000 - 0x00007ffa8da78000 	C:\WINDOWS\System32\PSAPI.DLL
0x00007ffa7d7a0000 - 0x00007ffa7d7c7000 	C:\WINDOWS\SYSTEM32\WINMM.dll
0x00007ffa78ad0000 - 0x00007ffa78ad9000 	C:\WINDOWS\SYSTEM32\WSOCK32.dll
0x00007ffa83bc0000 - 0x00007ffa83bca000 	C:\WINDOWS\SYSTEM32\VERSION.dll
0x00007ffa8d130000 - 0x00007ffa8d19b000 	C:\WINDOWS\System32\WS2_32.dll
0x00007ffa89ad0000 - 0x00007ffa89ae2000 	C:\WINDOWS\SYSTEM32\kernel.appcore.dll
0x00007ffa85f50000 - 0x00007ffa85f5a000 	C:\Users\Carolina\.p2\pool\plugins\org.eclipse.justj.openjdk.hotspot.jre.full.win32.x86_64_14.0.2.v20200815-0932\jre\bin\jimage.dll
0x00007ffa89690000 - 0x00007ffa89874000 	C:\WINDOWS\SYSTEM32\DBGHELP.DLL
0x00007ffa78280000 - 0x00007ffa782ac000 	C:\WINDOWS\SYSTEM32\dbgcore.DLL
0x00007ffa8c150000 - 0x00007ffa8c1cf000 	C:\WINDOWS\System32\bcryptPrimitives.dll
0x00007ffa540d0000 - 0x00007ffa540f5000 	C:\Users\Carolina\.p2\pool\plugins\org.eclipse.justj.openjdk.hotspot.jre.full.win32.x86_64_14.0.2.v20200815-0932\jre\bin\java.dll
0x00007ffa83ce0000 - 0x00007ffa83cf6000 	C:\Users\Carolina\.p2\pool\plugins\org.eclipse.justj.openjdk.hotspot.jre.full.win32.x86_64_14.0.2.v20200815-0932\jre\bin\zip.dll
0x00007ffa8d1a0000 - 0x00007ffa8d8e0000 	C:\WINDOWS\System32\SHELL32.dll
0x00007ffa89af0000 - 0x00007ffa8a284000 	C:\WINDOWS\SYSTEM32\windows.storage.dll
0x00007ffa8c450000 - 0x00007ffa8c7a5000 	C:\WINDOWS\System32\combase.dll
0x00007ffa8b410000 - 0x00007ffa8b43c000 	C:\WINDOWS\SYSTEM32\Wldp.dll
0x00007ffa8d080000 - 0x00007ffa8d12e000 	C:\WINDOWS\System32\SHCORE.dll
0x00007ffa8c8c0000 - 0x00007ffa8c915000 	C:\WINDOWS\System32\shlwapi.dll
0x00007ffa8b8d0000 - 0x00007ffa8b8f6000 	C:\WINDOWS\SYSTEM32\profapi.dll
0x00007ffa540b0000 - 0x00007ffa540c9000 	C:\Users\Carolina\.p2\pool\plugins\org.eclipse.justj.openjdk.hotspot.jre.full.win32.x86_64_14.0.2.v20200815-0932\jre\bin\net.dll
0x00007ffa81cc0000 - 0x00007ffa81dc0000 	C:\WINDOWS\SYSTEM32\WINHTTP.dll
0x00007ffa8b190000 - 0x00007ffa8b1fa000 	C:\WINDOWS\system32\mswsock.dll
0x00007ffa54090000 - 0x00007ffa540a2000 	C:\Users\Carolina\.p2\pool\plugins\org.eclipse.justj.openjdk.hotspot.jre.full.win32.x86_64_14.0.2.v20200815-0932\jre\bin\nio.dll
0x00007ffa60dd0000 - 0x00007ffa60f68000 	C:\Users\Carolina\.p2\pool\plugins\org.eclipse.justj.openjdk.hotspot.jre.full.win32.x86_64_14.0.2.v20200815-0932\jre\bin\awt.dll
0x00007ffa8d8e0000 - 0x00007ffa8d9ad000 	C:\WINDOWS\System32\OLEAUT32.dll
0x00007ffa88b70000 - 0x00007ffa88c00000 	C:\WINDOWS\SYSTEM32\apphelp.dll

dbghelp: loaded successfully - version: 4.0.5 - missing functions: none
symbol engine: initialized successfully - sym options: 0x614 - pdb path: .;C:\Users\Carolina\.p2\pool\plugins\org.eclipse.justj.openjdk.hotspot.jre.full.win32.x86_64_14.0.2.v20200815-0932\jre\bin;C:\WINDOWS\SYSTEM32;C:\WINDOWS\WinSxS\amd64_microsoft.windows.common-controls_6595b64144ccf1df_6.0.19041.488_none_ca04af081b815d21;C:\Users\Carolina\.p2\pool\plugins\org.eclipse.justj.openjdk.hotspot.jre.full.win32.x86_64_14.0.2.v20200815-0932\jre\bin\server

VM Arguments:
jvm_args: -Dfile.encoding=Cp1252 -XX:+ShowCodeDetailsInExceptionMessages 
java_command: Ventana
java_class_path (initial): C:\Users\Carolina\Documents\GitHub\BaseDeDatos\bin;C:\Users\Carolina\eclipse-workspace\ejemplo java-MySQL\mysql-connector-java-8.0.21.jar;C:\Users\Carolina\eclipse-workspace\ejemplo java-MySQL\quicktable-3.0.jar
Launcher Type: SUN_STANDARD

[Global flags]
     intx CICompilerCount                          = 3                                         {product} {ergonomic}
     uint ConcGCThreads                            = 1                                         {product} {ergonomic}
     uint G1ConcRefinementThreads                  = 4                                         {product} {ergonomic}
   size_t G1HeapRegionSize                         = 1048576                                   {product} {ergonomic}
    uintx GCDrainStackTargetSize                   = 64                                        {product} {ergonomic}
   size_t InitialHeapSize                          = 67108864                                  {product} {ergonomic}
   size_t MarkStackSize                            = 4194304                                   {product} {ergonomic}
   size_t MaxHeapSize                              = 1044381696                                {product} {ergonomic}
   size_t MaxNewSize                               = 625999872                                 {product} {ergonomic}
   size_t MinHeapDeltaBytes                        = 1048576                                   {product} {ergonomic}
   size_t MinHeapSize                              = 8388608                                   {product} {ergonomic}
    uintx NonNMethodCodeHeapSize                   = 5832780                                {pd product} {ergonomic}
    uintx NonProfiledCodeHeapSize                  = 122912730                              {pd product} {ergonomic}
    uintx ProfiledCodeHeapSize                     = 122912730                              {pd product} {ergonomic}
    uintx ReservedCodeCacheSize                    = 251658240                              {pd product} {ergonomic}
     bool SegmentedCodeCache                       = true                                      {product} {ergonomic}
     bool ShowCodeDetailsInExceptionMessages       = true                                   {manageable} {command line}
   size_t SoftMaxHeapSize                          = 1044381696                             {manageable} {ergonomic}
     bool UseCompressedClassPointers               = true                                 {lp64_product} {ergonomic}
     bool UseCompressedOops                        = true                                 {lp64_product} {ergonomic}
     bool UseG1GC                                  = true                                      {product} {ergonomic}
     bool UseLargePagesIndividualAllocation        = false                                  {pd product} {ergonomic}

Logging:
Log output configuration:
 #0: stdout all=warning uptime,level,tags
 #1: stderr all=off uptime,level,tags

Environment Variables:
PATH=C:/Users/Carolina/.p2/pool/plugins/org.eclipse.justj.openjdk.hotspot.jre.full.win32.x86_64_14.0.2.v20200815-0932/jre/bin/server;C:/Users/Carolina/.p2/pool/plugins/org.eclipse.justj.openjdk.hotspot.jre.full.win32.x86_64_14.0.2.v20200815-0932/jre/bin;C:\Program Files (x86)\VMware\VMware Player\bin\;C:\WINDOWS\system32;C:\WINDOWS;C:\WINDOWS\System32\Wbem;C:\WINDOWS\System32\WindowsPowerShell\v1.0\;C:\WINDOWS\System32\OpenSSH\;C:\Users\Carolina\AppData\Local\Microsoft\WindowsApps;C:\Users\Carolina\AppData\Local\GitHubDesktop\bin;;C:\Users\Carolina\Desktop;
USERNAME=Carolina
OS=Windows_NT
PROCESSOR_IDENTIFIER=Intel64 Family 6 Model 142 Stepping 9, GenuineIntel



---------------  S Y S T E M  ---------------

OS: Windows 10 , 64 bit Build 19041 (10.0.19041.546)
OS uptime: 0 days 2:56 hours

CPU:total 4 (initial active 4) (2 cores per cpu, 2 threads per core) family 6 model 142 stepping 9, cmov, cx8, fxsr, mmx, sse, sse2, sse3, ssse3, sse4.1, sse4.2, popcnt, avx, avx2, aes, clmul, erms, 3dnowpref, lzcnt, ht, tsc, tscinvbit, bmi1, bmi2, adx, fma

Memory: 4k page, system-wide physical 3981M (316M free)
TotalPageFile size 16269M (AvailPageFile size 5M)
current process WorkingSet (physical memory assigned to process): 40M, peak: 40M
current process commit charge ("private bytes"): 135M, peak: 136M

vm_info: OpenJDK 64-Bit Server VM (14.0.2+12-46) for windows-amd64 JRE (14.0.2+12-46), built on Jul  9 2020 00:31:16 by "mach5one" with MS VC++ 15.9 (VS2017)

END.
